<?xml version="1.0" encoding="UTF-8"?>
<!-- Generated by org.testng.reporters.JUnitReportReporter -->
<testsuite hostname="Sasi" failures="0" tests="2" name="com.testng.DemoTestNG" time="0.011" errors="0" timestamp="2022-02-24T07:54:10 IST" skipped="0">
  <testcase classname="com.testng.DemoTestNG" name="test" time="0.010"/>
  <system-out/>
  <testcase classname="com.testng.DemoTestNG" name="test1" time="0.001"/>
  <system-out/>
</testsuite> <!-- com.testng.DemoTestNG -->
