<?xml version="1.0" encoding="UTF-8"?>
<!-- Generated by org.testng.reporters.JUnitReportReporter -->
<testsuite hostname="Sasi" failures="0" tests="1" name="com.sports.criclket.DemoCricket" time="0.005" errors="0" timestamp="2022-02-11T07:30:19 IST" skipped="0">
  <testcase classname="com.sports.criclket.DemoCricket" name="test1" time="0.005"/>
  <system-out/>
</testsuite> <!-- com.sports.criclket.DemoCricket -->
