<?xml version="1.0" encoding="UTF-8"?>
<!-- Generated by org.testng.reporters.JUnitReportReporter -->
<testsuite hostname="Sasi" failures="0" tests="1" name="com.trail.Demotrail" time="4.174" errors="0" timestamp="2022-03-01T15:21:15 IST" skipped="0">
  <testcase classname="com.trail.Demotrail" name="test" time="4.174"/>
  <system-out/>
</testsuite> <!-- com.trail.Demotrail -->
