<?xml version="1.0" encoding="UTF-8"?>
<!-- Generated by org.testng.reporters.JUnitReportReporter -->
<testsuite hostname="Sasi" failures="0" tests="1" name="com.selenium.basics.OpenChromeBrowser" time="6.652" errors="0" timestamp="2022-02-24T07:54:10 IST" skipped="0">
  <testcase classname="com.selenium.basics.OpenChromeBrowser" name="testP" time="6.652"/>
  <system-out/>
</testsuite> <!-- com.selenium.basics.OpenChromeBrowser -->
