<?xml version="1.0" encoding="UTF-8"?>
<!-- Generated by org.testng.reporters.JUnitReportReporter -->
<testsuite hostname="Sasi" failures="0" tests="1" name="com.selenium.alerts.DemoAlerts" time="8.272" errors="0" timestamp="2022-02-24T07:54:10 IST" skipped="0">
  <testcase classname="com.selenium.alerts.DemoAlerts" name="testM" time="8.272"/>
  <system-out/>
</testsuite> <!-- com.selenium.alerts.DemoAlerts -->
